Arguments: 
  /home/varun/.nvm/versions/node/v10.24.0/bin/node /usr/bin/yarn add ampqlib

PATH: 
  /home/varun/.nvm/versions/node/v10.24.0/bin:/home/varun/.local/bin:/usr/local/sbin:/usr/local/bin:/usr/sbin:/usr/bin:/sbin:/bin:/usr/games:/usr/local/games:/snap/bin:/home/varun/.rvm/bin:/usr/local/go/bin:/usr/local/go/bin:/home/varun/.rvm/bin

Yarn version: 
  1.22.4

Node version: 
  10.24.0

Platform: 
  linux x64

Trace: 
  Error: https://registry.yarnpkg.com/ampqlib: Not found
      at Request.params.callback [as _callback] (/usr/lib/node_modules/yarn/lib/cli.js:66987:18)
      at Request.self.callback (/usr/lib/node_modules/yarn/lib/cli.js:140748:22)
      at Request.emit (events.js:198:13)
      at Request.<anonymous> (/usr/lib/node_modules/yarn/lib/cli.js:141720:10)
      at Request.emit (events.js:198:13)
      at IncomingMessage.<anonymous> (/usr/lib/node_modules/yarn/lib/cli.js:141642:12)
      at Object.onceWrapper (events.js:286:20)
      at IncomingMessage.emit (events.js:203:15)
      at endReadableNT (_stream_readable.js:1145:12)
      at process._tickCallback (internal/process/next_tick.js:63:19)

npm manifest: 
  {
    "name": "routing",
    "version": "1.0.0",
    "description": "",
    "main": "emit_log_direct.js",
    "scripts": {
      "test": "echo \"Error: no test specified\" && exit 1"
    },
    "keywords": [],
    "author": "",
    "license": "ISC"
  }

yarn manifest: 
  No manifest

Lockfile: 
  No lockfile
